[30420] 2025/09/01 05:09:59.219372 [INF] Starting nats-server
[30420] 2025/09/01 05:09:59.219485 [INF]   Version:  2.11.8
[30420] 2025/09/01 05:09:59.219490 [INF]   Git:      [not set]
[30420] 2025/09/01 05:09:59.219494 [INF]   Name:     NCOIHO5BCS326K7NFZNQERESTMRTIGNJRZF4F7IQBXHML4CLNFLD6KLF
[30420] 2025/09/01 05:09:59.219498 [INF]   Node:     HzfkgJQO
[30420] 2025/09/01 05:09:59.219513 [INF]   ID:       NCOIHO5BCS326K7NFZNQERESTMRTIGNJRZF4F7IQBXHML4CLNFLD6KLF
[30420] 2025/09/01 05:09:59.220021 [INF] Starting JetStream
[30420] 2025/09/01 05:09:59.220067 [WRN] Temporary storage directory used, data could be lost on system reboot
[30420] 2025/09/01 05:09:59.220447 [INF]     _ ___ _____ ___ _____ ___ ___   _   __  __
[30420] 2025/09/01 05:09:59.220454 [INF]  _ | | __|_   _/ __|_   _| _ \ __| /_\ |  \/  |
[30420] 2025/09/01 05:09:59.220459 [INF] | || | _|  | | \__ \ | | |   / _| / _ \| |\/| |
[30420] 2025/09/01 05:09:59.220465 [INF]  \__/|___| |_| |___/ |_| |_|_\___/_/ \_\_|  |_|
[30420] 2025/09/01 05:09:59.220469 [INF] 
[30420] 2025/09/01 05:09:59.220472 [INF]          https://docs.nats.io/jetstream
[30420] 2025/09/01 05:09:59.220475 [INF] 
[30420] 2025/09/01 05:09:59.220478 [INF] ---------------- JETSTREAM ----------------
[30420] 2025/09/01 05:09:59.220482 [INF]   Max Memory:      48.00 GB
[30420] 2025/09/01 05:09:59.220486 [INF]   Max Storage:     1.19 TB
[30420] 2025/09/01 05:09:59.220490 [INF]   Store Directory: "/var/folders/1v/98m5nryd3f93ll66zvqtqzg00000gn/T/nats/jetstream"
[30420] 2025/09/01 05:09:59.220493 [INF]   API Level:       1
[30420] 2025/09/01 05:09:59.220497 [INF] -------------------------------------------
[30420] 2025/09/01 05:09:59.221147 [INF] Listening for client connections on 0.0.0.0:5222
[30420] 2025/09/01 05:09:59.221352 [INF] Server is ready
